{"D:\\Project\\Carbon_Foot\\carbon-tracker\\src\\App.css": {"path":"D:\\Project\\Carbon_Foot\\carbon-tracker\\src\\App.css","statementMap":{},"fnMap":{},"branchMap":{},"s":{},"f":{},"b":{},"meta":{"lastBranch":0,"lastFunction":0,"lastStatement":0,"seen":{},"fnNames":{}}}
,"D:\\Project\\Carbon_Foot\\carbon-tracker\\src\\App.jsx": {"path":"D:\\Project\\Carbon_Foot\\carbon-tracker\\src\\App.jsx","statementMap":{"0":{"start":{"line":18,"column":4},"end":{"line":19,"column":null}},"1":{"start":{"line":21,"column":15},"end":{"line":21,"column":null}},"2":{"start":{"line":23,"column":12},"end":{"line":23,"column":null}},"3":{"start":{"line":25,"column":2},"end":{"line":31,"column":null}},"4":{"start":{"line":26,"column":4},"end":{"line":30,"column":null}},"5":{"start":{"line":27,"column":6},"end":{"line":27,"column":null}},"6":{"start":{"line":29,"column":6},"end":{"line":29,"column":null}},"7":{"start":{"line":33,"column":2},"end":{"line":126,"column":null}},"8":{"start":{"line":44,"column":25},"end":{"line":44,"column":null}},"9":{"start":{"line":88,"column":27},"end":{"line":88,"column":null}},"10":{"start":{"line":89,"column":34},"end":{"line":89,"column":null}},"11":{"start":{"line":97,"column":29},"end":{"line":97,"column":null}},"12":{"start":{"line":110,"column":29},"end":{"line":110,"column":null}}},"fnMap":{"0":{"name":"App","decl":{"start":{"line":13,"column":9},"end":{"line":13,"column":15}},"loc":{"start":{"line":13,"column":15},"end":{"line":128,"column":null}},"line":13},"1":{"name":"(anonymous_1)","decl":{"start":{"line":25,"column":2},"end":{"line":25,"column":18}},"loc":{"start":{"line":25,"column":18},"end":{"line":31,"column":5}},"line":25},"2":{"name":"(anonymous_2)","decl":{"start":{"line":44,"column":10},"end":{"line":44,"column":25}},"loc":{"start":{"line":44,"column":25},"end":{"line":44,"column":null}},"line":44},"3":{"name":"(anonymous_3)","decl":{"start":{"line":88,"column":12},"end":{"line":88,"column":27}},"loc":{"start":{"line":88,"column":27},"end":{"line":88,"column":null}},"line":88},"4":{"name":"(anonymous_4)","decl":{"start":{"line":89,"column":12},"end":{"line":89,"column":34}},"loc":{"start":{"line":89,"column":34},"end":{"line":89,"column":null}},"line":89},"5":{"name":"(anonymous_5)","decl":{"start":{"line":97,"column":14},"end":{"line":97,"column":29}},"loc":{"start":{"line":97,"column":29},"end":{"line":97,"column":null}},"line":97},"6":{"name":"(anonymous_6)","decl":{"start":{"line":110,"column":14},"end":{"line":110,"column":29}},"loc":{"start":{"line":110,"column":29},"end":{"line":110,"column":null}},"line":110}},"branchMap":{"0":{"loc":{"start":{"line":26,"column":4},"end":{"line":30,"column":null}},"type":"if","locations":[{"start":{"line":26,"column":4},"end":{"line":30,"column":null}},{"start":{"line":28,"column":11},"end":{"line":30,"column":null}}],"line":26},"1":{"loc":{"start":{"line":68,"column":37},"end":{"line":68,"column":73}},"type":"cond-expr","locations":[{"start":{"line":68,"column":56},"end":{"line":68,"column":66}},{"start":{"line":68,"column":66},"end":{"line":68,"column":73}}],"line":68},"2":{"loc":{"start":{"line":70,"column":13},"end":{"line":70,"column":null}},"type":"cond-expr","locations":[{"start":{"line":70,"column":32},"end":{"line":70,"column":39}},{"start":{"line":70,"column":39},"end":{"line":70,"column":null}}],"line":70},"3":{"loc":{"start":{"line":86,"column":9},"end":{"line":119,"column":18}},"type":"cond-expr","locations":[{"start":{"line":87,"column":10},"end":{"line":91,"column":21}},{"start":{"line":91,"column":12},"end":{"line":119,"column":18}}],"line":86},"4":{"loc":{"start":{"line":91,"column":12},"end":{"line":119,"column":18}},"type":"cond-expr","locations":[{"start":{"line":92,"column":10},"end":{"line":105,"column":11}},{"start":{"line":105,"column":10},"end":{"line":119,"column":18}}],"line":91},"5":{"loc":{"start":{"line":119,"column":9},"end":{"line":125,"column":null}},"type":"binary-expr","locations":[{"start":{"line":119,"column":9},"end":{"line":119,"column":null}},{"start":{"line":120,"column":10},"end":{"line":125,"column":null}}],"line":119}},"s":{"0":1,"1":1,"2":1,"3":1,"4":1,"5":0,"6":1,"7":1,"8":0,"9":0,"10":0,"11":0,"12":0},"f":{"0":1,"1":1,"2":0,"3":0,"4":0,"5":0,"6":0},"b":{"0":[0,1],"1":[0,1],"2":[0,1],"3":[1,0],"4":[0,0],"5":[1,1]},"meta":{"lastBranch":6,"lastFunction":7,"lastStatement":13,"seen":{"f:13:9:13:15":0,"s:18:4:19:Infinity":0,"s:21:15:21:Infinity":1,"s:23:12:23:Infinity":2,"s:25:2:31:Infinity":3,"f:25:2:25:18":1,"b:26:4:30:Infinity:28:11:30:Infinity":0,"s:26:4:30:Infinity":4,"s:27:6:27:Infinity":5,"s:29:6:29:Infinity":6,"s:33:2:126:Infinity":7,"f:44:10:44:25":2,"s:44:25:44:Infinity":8,"b:68:56:68:66:68:66:68:73":1,"b:70:32:70:39:70:39:70:Infinity":2,"b:87:10:91:21:91:12:119:18":3,"f:88:12:88:27":3,"s:88:27:88:Infinity":9,"f:89:12:89:34":4,"s:89:34:89:Infinity":10,"b:92:10:105:11:105:10:119:18":4,"f:97:14:97:29":5,"s:97:29:97:Infinity":11,"f:110:14:110:29":6,"s:110:29:110:Infinity":12,"b:119:9:119:Infinity:120:10:125:Infinity":5},"fnNames":{}}}
,"D:\\Project\\Carbon_Foot\\carbon-tracker\\src\\assets\\logo.svg": {"path":"D:\\Project\\Carbon_Foot\\carbon-tracker\\src\\assets\\logo.svg","statementMap":{},"fnMap":{},"branchMap":{},"s":{},"f":{},"b":{},"meta":{"lastBranch":0,"lastFunction":0,"lastStatement":0,"seen":{},"fnNames":{}}}
,"D:\\Project\\Carbon_Foot\\carbon-tracker\\src\\components\\CarbonAnalytics.jsx": {"path":"D:\\Project\\Carbon_Foot\\carbon-tracker\\src\\components\\CarbonAnalytics.jsx","statementMap":{"0":{"start":{"line":11,"column":16},"end":{"line":11,"column":null}},"1":{"start":{"line":12,"column":19},"end":{"line":12,"column":null}},"2":{"start":{"line":13,"column":20},"end":{"line":13,"column":null}},"3":{"start":{"line":14,"column":23},"end":{"line":14,"column":null}},"4":{"start":{"line":15,"column":22},"end":{"line":15,"column":null}},"5":{"start":{"line":18,"column":14},"end":{"line":18,"column":null}},"6":{"start":{"line":19,"column":19},"end":{"line":19,"column":null}},"7":{"start":{"line":22,"column":15},"end":{"line":22,"column":null}},"8":{"start":{"line":25,"column":23},"end":{"line":25,"column":null}},"9":{"start":{"line":28,"column":18},"end":{"line":31,"column":null}},"10":{"start":{"line":29,"column":4},"end":{"line":30,"column":null}},"11":{"start":{"line":29,"column":10},"end":{"line":29,"column":73}},"12":{"start":{"line":30,"column":12},"end":{"line":30,"column":23}},"13":{"start":{"line":32,"column":16},"end":{"line":32,"column":null}},"14":{"start":{"line":33,"column":17},"end":{"line":33,"column":null}},"15":{"start":{"line":34,"column":24},"end":{"line":34,"column":null}},"16":{"start":{"line":35,"column":22},"end":{"line":35,"column":null}},"17":{"start":{"line":36,"column":21},"end":{"line":39,"column":null}},"18":{"start":{"line":37,"column":4},"end":{"line":38,"column":null}},"19":{"start":{"line":37,"column":10},"end":{"line":37,"column":66}},"20":{"start":{"line":38,"column":12},"end":{"line":38,"column":25}},"21":{"start":{"line":41,"column":2},"end":{"line":43,"column":null}},"22":{"start":{"line":42,"column":4},"end":{"line":42,"column":null}},"23":{"start":{"line":47,"column":42},"end":{"line":49,"column":null}},"24":{"start":{"line":47,"column":52},"end":{"line":48,"column":null}},"25":{"start":{"line":51,"column":8},"end":{"line":56,"column":null}},"26":{"start":{"line":51,"column":34},"end":{"line":56,"column":5}},"27":{"start":{"line":58,"column":18},"end":{"line":63,"column":null}},"28":{"start":{"line":65,"column":25},"end":{"line":71,"column":null}},"29":{"start":{"line":73,"column":8},"end":{"line":74,"column":null}},"30":{"start":{"line":73,"column":15},"end":{"line":73,"column":null}},"31":{"start":{"line":77,"column":8},"end":{"line":91,"column":null}},"32":{"start":{"line":78,"column":18},"end":{"line":85,"column":null}},"33":{"start":{"line":86,"column":20},"end":{"line":86,"column":null}},"34":{"start":{"line":87,"column":4},"end":{"line":87,"column":null}},"35":{"start":{"line":88,"column":4},"end":{"line":88,"column":null}},"36":{"start":{"line":89,"column":4},"end":{"line":89,"column":null}},"37":{"start":{"line":90,"column":4},"end":{"line":90,"column":null}},"38":{"start":{"line":90,"column":21},"end":{"line":90,"column":38}},"39":{"start":{"line":93,"column":8},"end":{"line":96,"column":null}},"40":{"start":{"line":94,"column":4},"end":{"line":94,"column":null}},"41":{"start":{"line":95,"column":4},"end":{"line":95,"column":null}},"42":{"start":{"line":98,"column":8},"end":{"line":108,"column":null}},"43":{"start":{"line":99,"column":17},"end":{"line":104,"column":null}},"44":{"start":{"line":105,"column":4},"end":{"line":105,"column":null}},"45":{"start":{"line":106,"column":4},"end":{"line":106,"column":null}},"46":{"start":{"line":107,"column":4},"end":{"line":107,"column":null}},"47":{"start":{"line":107,"column":21},"end":{"line":107,"column":39}},"48":{"start":{"line":111,"column":19},"end":{"line":111,"column":null}},"49":{"start":{"line":113,"column":2},"end":{"line":556,"column":null}},"50":{"start":{"line":142,"column":12},"end":{"line":142,"column":null}},"51":{"start":{"line":143,"column":12},"end":{"line":143,"column":null}},"52":{"start":{"line":144,"column":12},"end":{"line":144,"column":null}},"53":{"start":{"line":257,"column":41},"end":{"line":257,"column":66}},"54":{"start":{"line":295,"column":38},"end":{"line":295,"column":null}},"55":{"start":{"line":299,"column":22},"end":{"line":299,"column":null}},"56":{"start":{"line":342,"column":50},"end":{"line":342,"column":null}},"57":{"start":{"line":346,"column":24},"end":{"line":355,"column":null}},"58":{"start":{"line":361,"column":40},"end":{"line":361,"column":null}},"59":{"start":{"line":369,"column":14},"end":{"line":380,"column":null}},"60":{"start":{"line":397,"column":16},"end":{"line":399,"column":null}},"61":{"start":{"line":397,"column":53},"end":{"line":397,"column":80}},"62":{"start":{"line":397,"column":80},"end":{"line":397,"column":103}},"63":{"start":{"line":398,"column":21},"end":{"line":399,"column":null}},"64":{"start":{"line":398,"column":66},"end":{"line":398,"column":94}},"65":{"start":{"line":398,"column":94},"end":{"line":398,"column":117}},"66":{"start":{"line":399,"column":23},"end":{"line":399,"column":55}},"67":{"start":{"line":399,"column":55},"end":{"line":399,"column":78}},"68":{"start":{"line":401,"column":16},"end":{"line":421,"column":null}},"69":{"start":{"line":449,"column":33},"end":{"line":449,"column":null}},"70":{"start":{"line":482,"column":42},"end":{"line":482,"column":null}},"71":{"start":{"line":505,"column":38},"end":{"line":505,"column":null}},"72":{"start":{"line":506,"column":39},"end":{"line":506,"column":null}},"73":{"start":{"line":507,"column":24},"end":{"line":514,"column":null}}},"fnMap":{"0":{"name":"CarbonAnalytics","decl":{"start":{"line":9,"column":24},"end":{"line":9,"column":42}},"loc":{"start":{"line":9,"column":42},"end":{"line":558,"column":null}},"line":9},"1":{"name":"(anonymous_1)","decl":{"start":{"line":28,"column":36},"end":{"line":28,"column":51}},"loc":{"start":{"line":28,"column":51},"end":{"line":31,"column":3}},"line":28},"2":{"name":"(anonymous_2)","decl":{"start":{"line":36,"column":38},"end":{"line":36,"column":53}},"loc":{"start":{"line":36,"column":53},"end":{"line":39,"column":3}},"line":36},"3":{"name":"(anonymous_3)","decl":{"start":{"line":41,"column":2},"end":{"line":41,"column":18}},"loc":{"start":{"line":41,"column":18},"end":{"line":43,"column":5}},"line":41},"4":{"name":"(anonymous_4)","decl":{"start":{"line":47,"column":52},"end":{"line":47,"column":null}},"loc":{"start":{"line":47,"column":52},"end":{"line":48,"column":null}},"line":47},"5":{"name":"(anonymous_5)","decl":{"start":{"line":51,"column":20},"end":{"line":51,"column":34}},"loc":{"start":{"line":51,"column":34},"end":{"line":56,"column":5}},"line":51},"6":{"name":"(anonymous_6)","decl":{"start":{"line":73,"column":15},"end":{"line":73,"column":29}},"loc":{"start":{"line":73,"column":15},"end":{"line":73,"column":null}},"line":73},"7":{"name":"(anonymous_7)","decl":{"start":{"line":77,"column":8},"end":{"line":77,"column":26}},"loc":{"start":{"line":77,"column":26},"end":{"line":91,"column":null}},"line":77},"8":{"name":"(anonymous_8)","decl":{"start":{"line":90,"column":4},"end":{"line":90,"column":21}},"loc":{"start":{"line":90,"column":21},"end":{"line":90,"column":38}},"line":90},"9":{"name":"(anonymous_9)","decl":{"start":{"line":93,"column":8},"end":{"line":93,"column":29}},"loc":{"start":{"line":93,"column":29},"end":{"line":96,"column":null}},"line":93},"10":{"name":"(anonymous_10)","decl":{"start":{"line":98,"column":8},"end":{"line":98,"column":32}},"loc":{"start":{"line":98,"column":32},"end":{"line":108,"column":null}},"line":98},"11":{"name":"(anonymous_11)","decl":{"start":{"line":107,"column":4},"end":{"line":107,"column":21}},"loc":{"start":{"line":107,"column":21},"end":{"line":107,"column":39}},"line":107},"12":{"name":"(anonymous_12)","decl":{"start":{"line":141,"column":10},"end":{"line":141,"column":21}},"loc":{"start":{"line":141,"column":27},"end":{"line":145,"column":null}},"line":141},"13":{"name":"(anonymous_13)","decl":{"start":{"line":257,"column":26},"end":{"line":257,"column":41}},"loc":{"start":{"line":257,"column":41},"end":{"line":257,"column":66}},"line":257},"14":{"name":"(anonymous_14)","decl":{"start":{"line":295,"column":20},"end":{"line":295,"column":32}},"loc":{"start":{"line":295,"column":38},"end":{"line":295,"column":null}},"line":295},"15":{"name":"(anonymous_15)","decl":{"start":{"line":298,"column":36},"end":{"line":298,"column":41}},"loc":{"start":{"line":299,"column":22},"end":{"line":299,"column":null}},"line":299},"16":{"name":"(anonymous_16)","decl":{"start":{"line":342,"column":22},"end":{"line":342,"column":37}},"loc":{"start":{"line":342,"column":50},"end":{"line":342,"column":null}},"line":342},"17":{"name":"(anonymous_17)","decl":{"start":{"line":345,"column":31},"end":{"line":345,"column":36}},"loc":{"start":{"line":346,"column":24},"end":{"line":355,"column":null}},"line":346},"18":{"name":"(anonymous_18)","decl":{"start":{"line":361,"column":22},"end":{"line":361,"column":34}},"loc":{"start":{"line":361,"column":40},"end":{"line":361,"column":null}},"line":361},"19":{"name":"(anonymous_19)","decl":{"start":{"line":368,"column":21},"end":{"line":368,"column":25}},"loc":{"start":{"line":369,"column":14},"end":{"line":380,"column":null}},"line":369},"20":{"name":"(anonymous_20)","decl":{"start":{"line":394,"column":20},"end":{"line":394,"column":25}},"loc":{"start":{"line":394,"column":36},"end":{"line":423,"column":15}},"line":394},"21":{"name":"(anonymous_21)","decl":{"start":{"line":449,"column":16},"end":{"line":449,"column":27}},"loc":{"start":{"line":449,"column":33},"end":{"line":449,"column":null}},"line":449},"22":{"name":"(anonymous_22)","decl":{"start":{"line":482,"column":24},"end":{"line":482,"column":36}},"loc":{"start":{"line":482,"column":42},"end":{"line":482,"column":null}},"line":482},"23":{"name":"(anonymous_23)","decl":{"start":{"line":504,"column":31},"end":{"line":504,"column":36}},"loc":{"start":{"line":504,"column":45},"end":{"line":516,"column":23}},"line":504}},"branchMap":{"0":{"loc":{"start":{"line":29,"column":28},"end":{"line":29,"column":70}},"type":"binary-expr","locations":[{"start":{"line":29,"column":28},"end":{"line":29,"column":66}},{"start":{"line":29,"column":66},"end":{"line":29,"column":70}}],"line":29},"1":{"loc":{"start":{"line":37,"column":17},"end":{"line":37,"column":66}},"type":"binary-expr","locations":[{"start":{"line":37,"column":17},"end":{"line":37,"column":60}},{"start":{"line":37,"column":60},"end":{"line":37,"column":66}}],"line":37},"2":{"loc":{"start":{"line":239,"column":11},"end":{"line":427,"column":null}},"type":"cond-expr","locations":[{"start":{"line":240,"column":12},"end":{"line":251,"column":13}},{"start":{"line":251,"column":12},"end":{"line":427,"column":null}}],"line":239},"3":{"loc":{"start":{"line":275,"column":152},"end":{"line":275,"column":null}},"type":"cond-expr","locations":[{"start":{"line":275,"column":160},"end":{"line":275,"column":215}},{"start":{"line":275,"column":215},"end":{"line":275,"column":null}}],"line":275},"4":{"loc":{"start":{"line":276,"column":21},"end":{"line":276,"column":null}},"type":"cond-expr","locations":[{"start":{"line":276,"column":29},"end":{"line":276,"column":41}},{"start":{"line":276,"column":41},"end":{"line":276,"column":null}}],"line":276},"5":{"loc":{"start":{"line":278,"column":158},"end":{"line":278,"column":null}},"type":"cond-expr","locations":[{"start":{"line":278,"column":167},"end":{"line":278,"column":222}},{"start":{"line":278,"column":222},"end":{"line":278,"column":null}}],"line":278},"6":{"loc":{"start":{"line":279,"column":21},"end":{"line":279,"column":null}},"type":"cond-expr","locations":[{"start":{"line":279,"column":30},"end":{"line":279,"column":43}},{"start":{"line":279,"column":43},"end":{"line":279,"column":null}}],"line":279},"7":{"loc":{"start":{"line":351,"column":36},"end":{"line":351,"column":null}},"type":"cond-expr","locations":[{"start":{"line":351,"column":56},"end":{"line":351,"column":102}},{"start":{"line":351,"column":102},"end":{"line":351,"column":null}}],"line":351},"8":{"loc":{"start":{"line":352,"column":39},"end":{"line":352,"column":null}},"type":"cond-expr","locations":[{"start":{"line":352,"column":59},"end":{"line":352,"column":75}},{"start":{"line":352,"column":75},"end":{"line":352,"column":null}}],"line":352},"9":{"loc":{"start":{"line":397,"column":16},"end":{"line":399,"column":null}},"type":"if","locations":[{"start":{"line":397,"column":16},"end":{"line":399,"column":null}},{"start":{"line":398,"column":21},"end":{"line":399,"column":null}}],"line":397},"10":{"loc":{"start":{"line":398,"column":21},"end":{"line":399,"column":null}},"type":"if","locations":[{"start":{"line":398,"column":21},"end":{"line":399,"column":null}},{"start":{"line":399,"column":21},"end":{"line":399,"column":null}}],"line":398},"11":{"loc":{"start":{"line":435,"column":7},"end":{"line":524,"column":null}},"type":"binary-expr","locations":[{"start":{"line":435,"column":7},"end":{"line":435,"column":null}},{"start":{"line":436,"column":8},"end":{"line":524,"column":null}}],"line":435},"12":{"loc":{"start":{"line":453,"column":13},"end":{"line":458,"column":null}},"type":"binary-expr","locations":[{"start":{"line":453,"column":13},"end":{"line":453,"column":null}},{"start":{"line":454,"column":14},"end":{"line":458,"column":null}}],"line":453},"13":{"loc":{"start":{"line":462,"column":11},"end":{"line":521,"column":null}},"type":"cond-expr","locations":[{"start":{"line":463,"column":12},"end":{"line":470,"column":13}},{"start":{"line":470,"column":12},"end":{"line":521,"column":null}}],"line":462},"14":{"loc":{"start":{"line":511,"column":77},"end":{"line":511,"column":null}},"type":"cond-expr","locations":[{"start":{"line":511,"column":86},"end":{"line":511,"column":103}},{"start":{"line":511,"column":103},"end":{"line":511,"column":null}}],"line":511},"15":{"loc":{"start":{"line":512,"column":31},"end":{"line":512,"column":51}},"type":"cond-expr","locations":[{"start":{"line":512,"column":40},"end":{"line":512,"column":46}},{"start":{"line":512,"column":46},"end":{"line":512,"column":51}}],"line":512}},"s":{"0":1,"1":1,"2":1,"3":1,"4":1,"5":1,"6":1,"7":1,"8":1,"9":1,"10":1,"11":1,"12":0,"13":1,"14":1,"15":1,"16":1,"17":1,"18":1,"19":1,"20":0,"21":1,"22":1,"23":1,"24":1,"25":1,"26":1,"27":1,"28":1,"29":1,"30":1,"31":1,"32":0,"33":0,"34":0,"35":0,"36":0,"37":0,"38":0,"39":1,"40":0,"41":0,"42":1,"43":0,"44":0,"45":0,"46":0,"47":0,"48":1,"49":1,"50":0,"51":0,"52":0,"53":0,"54":0,"55":0,"56":0,"57":0,"58":0,"59":0,"60":0,"61":0,"62":0,"63":0,"64":0,"65":0,"66":0,"67":0,"68":0,"69":0,"70":0,"71":0,"72":0,"73":0},"f":{"0":1,"1":1,"2":1,"3":1,"4":1,"5":1,"6":1,"7":0,"8":0,"9":0,"10":0,"11":0,"12":0,"13":0,"14":0,"15":0,"16":0,"17":0,"18":0,"19":0,"20":0,"21":0,"22":0,"23":0},"b":{"0":[1,1],"1":[1,1],"2":[1,0],"3":[0,0],"4":[0,0],"5":[0,0],"6":[0,0],"7":[0,0],"8":[0,0],"9":[0,0],"10":[0,0],"11":[1,0],"12":[0,0],"13":[0,0],"14":[0,0],"15":[0,0]},"meta":{"lastBranch":16,"lastFunction":24,"lastStatement":74,"seen":{"f:9:24:9:42":0,"s:11:16:11:Infinity":0,"s:12:19:12:Infinity":1,"s:13:20:13:Infinity":2,"s:14:23:14:Infinity":3,"s:15:22:15:Infinity":4,"s:18:14:18:Infinity":5,"s:19:19:19:Infinity":6,"s:22:15:22:Infinity":7,"s:25:23:25:Infinity":8,"s:28:18:31:Infinity":9,"f:28:36:28:51":1,"s:29:4:30:Infinity":10,"s:29:10:29:73":11,"b:29:28:29:66:29:66:29:70":0,"s:30:12:30:23":12,"s:32:16:32:Infinity":13,"s:33:17:33:Infinity":14,"s:34:24:34:Infinity":15,"s:35:22:35:Infinity":16,"s:36:21:39:Infinity":17,"f:36:38:36:53":2,"s:37:4:38:Infinity":18,"s:37:10:37:66":19,"b:37:17:37:60:37:60:37:66":1,"s:38:12:38:25":20,"s:41:2:43:Infinity":21,"f:41:2:41:18":3,"s:42:4:42:Infinity":22,"s:47:42:49:Infinity":23,"f:47:52:47:Infinity":4,"s:47:52:48:Infinity":24,"s:51:8:56:Infinity":25,"f:51:20:51:34":5,"s:51:34:56:5":26,"s:58:18:63:Infinity":27,"s:65:25:71:Infinity":28,"s:73:8:74:Infinity":29,"f:73:15:73:29":6,"s:73:15:73:Infinity":30,"s:77:8:91:Infinity":31,"f:77:8:77:26":7,"s:78:18:85:Infinity":32,"s:86:20:86:Infinity":33,"s:87:4:87:Infinity":34,"s:88:4:88:Infinity":35,"s:89:4:89:Infinity":36,"s:90:4:90:Infinity":37,"f:90:4:90:21":8,"s:90:21:90:38":38,"s:93:8:96:Infinity":39,"f:93:8:93:29":9,"s:94:4:94:Infinity":40,"s:95:4:95:Infinity":41,"s:98:8:108:Infinity":42,"f:98:8:98:32":10,"s:99:17:104:Infinity":43,"s:105:4:105:Infinity":44,"s:106:4:106:Infinity":45,"s:107:4:107:Infinity":46,"f:107:4:107:21":11,"s:107:21:107:39":47,"s:111:19:111:Infinity":48,"s:113:2:556:Infinity":49,"f:141:10:141:21":12,"s:142:12:142:Infinity":50,"s:143:12:143:Infinity":51,"s:144:12:144:Infinity":52,"b:240:12:251:13:251:12:427:Infinity":2,"f:257:26:257:41":13,"s:257:41:257:66":53,"b:275:160:275:215:275:215:275:Infinity":3,"b:276:29:276:41:276:41:276:Infinity":4,"b:278:167:278:222:278:222:278:Infinity":5,"b:279:30:279:43:279:43:279:Infinity":6,"f:295:20:295:32":14,"s:295:38:295:Infinity":54,"f:298:36:298:41":15,"s:299:22:299:Infinity":55,"f:342:22:342:37":16,"s:342:50:342:Infinity":56,"f:345:31:345:36":17,"s:346:24:355:Infinity":57,"b:351:56:351:102:351:102:351:Infinity":7,"b:352:59:352:75:352:75:352:Infinity":8,"f:361:22:361:34":18,"s:361:40:361:Infinity":58,"f:368:21:368:25":19,"s:369:14:380:Infinity":59,"f:394:20:394:25":20,"b:397:16:399:Infinity:398:21:399:Infinity":9,"s:397:16:399:Infinity":60,"s:397:53:397:80":61,"s:397:80:397:103":62,"b:398:21:399:Infinity:399:21:399:Infinity":10,"s:398:21:399:Infinity":63,"s:398:66:398:94":64,"s:398:94:398:117":65,"s:399:23:399:55":66,"s:399:55:399:78":67,"s:401:16:421:Infinity":68,"b:435:7:435:Infinity:436:8:524:Infinity":11,"f:449:16:449:27":21,"s:449:33:449:Infinity":69,"b:453:13:453:Infinity:454:14:458:Infinity":12,"b:463:12:470:13:470:12:521:Infinity":13,"f:482:24:482:36":22,"s:482:42:482:Infinity":70,"f:504:31:504:36":23,"s:505:38:505:Infinity":71,"s:506:39:506:Infinity":72,"s:507:24:514:Infinity":73,"b:511:86:511:103:511:103:511:Infinity":14,"b:512:40:512:46:512:46:512:51":15},"fnNames":{}}}
,"D:\\Project\\Carbon_Foot\\carbon-tracker\\src\\components\\CommandModules.jsx": {"path":"D:\\Project\\Carbon_Foot\\carbon-tracker\\src\\components\\CommandModules.jsx","statementMap":{"0":{"start":{"line":2,"column":16},"end":{"line":30,"column":null}},"1":{"start":{"line":33,"column":2},"end":{"line":91,"column":null}},"2":{"start":{"line":53,"column":10},"end":{"line":88,"column":null}}},"fnMap":{"0":{"name":"CommandModules","decl":{"start":{"line":32,"column":24},"end":{"line":32,"column":41}},"loc":{"start":{"line":32,"column":41},"end":{"line":93,"column":null}},"line":32},"1":{"name":"(anonymous_1)","decl":{"start":{"line":52,"column":17},"end":{"line":52,"column":22}},"loc":{"start":{"line":53,"column":10},"end":{"line":88,"column":null}},"line":53}},"branchMap":{},"s":{"0":1,"1":1,"2":3},"f":{"0":1,"1":3},"b":{},"meta":{"lastBranch":0,"lastFunction":2,"lastStatement":3,"seen":{"s:2:16:30:Infinity":0,"f:32:24:32:41":0,"s:33:2:91:Infinity":1,"f:52:17:52:22":1,"s:53:10:88:Infinity":2},"fnNames":{}}}
,"D:\\Project\\Carbon_Foot\\carbon-tracker\\src\\components\\LandingPage.jsx": {"path":"D:\\Project\\Carbon_Foot\\carbon-tracker\\src\\components\\LandingPage.jsx","statementMap":{"0":{"start":{"line":5,"column":10},"end":{"line":5,"column":null}},"1":{"start":{"line":6,"column":12},"end":{"line":6,"column":null}},"2":{"start":{"line":8,"column":2},"end":{"line":81,"column":null}},"3":{"start":{"line":61,"column":14},"end":{"line":61,"column":null}},"4":{"start":{"line":62,"column":14},"end":{"line":62,"column":null}},"5":{"start":{"line":63,"column":14},"end":{"line":63,"column":null}}},"fnMap":{"0":{"name":"LandingPage","decl":{"start":{"line":4,"column":24},"end":{"line":4,"column":36}},"loc":{"start":{"line":4,"column":65},"end":{"line":83,"column":null}},"line":4},"1":{"name":"(anonymous_1)","decl":{"start":{"line":60,"column":12},"end":{"line":60,"column":22}},"loc":{"start":{"line":60,"column":28},"end":{"line":64,"column":null}},"line":60}},"branchMap":{"0":{"loc":{"start":{"line":63,"column":14},"end":{"line":63,"column":null}},"type":"binary-expr","locations":[{"start":{"line":63,"column":14},"end":{"line":63,"column":25}},{"start":{"line":63,"column":25},"end":{"line":63,"column":null}}],"line":63},"1":{"loc":{"start":{"line":68,"column":15},"end":{"line":68,"column":null}},"type":"binary-expr","locations":[{"start":{"line":68,"column":15},"end":{"line":68,"column":33}},{"start":{"line":68,"column":33},"end":{"line":68,"column":42}},{"start":{"line":68,"column":42},"end":{"line":68,"column":null}}],"line":68},"2":{"loc":{"start":{"line":77,"column":16},"end":{"line":77,"column":null}},"type":"binary-expr","locations":[{"start":{"line":77,"column":16},"end":{"line":77,"column":34}},{"start":{"line":77,"column":34},"end":{"line":77,"column":50}},{"start":{"line":77,"column":50},"end":{"line":77,"column":null}}],"line":77}},"s":{"0":1,"1":1,"2":1,"3":0,"4":0,"5":0},"f":{"0":1,"1":0},"b":{"0":[0,0],"1":[1,1,0],"2":[1,1,0]},"meta":{"lastBranch":3,"lastFunction":2,"lastStatement":6,"seen":{"f:4:24:4:36":0,"s:5:10:5:Infinity":0,"s:6:12:6:Infinity":1,"s:8:2:81:Infinity":2,"f:60:12:60:22":1,"s:61:14:61:Infinity":3,"s:62:14:62:Infinity":4,"s:63:14:63:Infinity":5,"b:63:14:63:25:63:25:63:Infinity":0,"b:68:15:68:33:68:33:68:42:68:42:68:Infinity":1,"b:77:16:77:34:77:34:77:50:77:50:77:Infinity":2},"fnNames":{}}}
,"D:\\Project\\Carbon_Foot\\carbon-tracker\\src\\components\\SystemTour.jsx": {"path":"D:\\Project\\Carbon_Foot\\carbon-tracker\\src\\components\\SystemTour.jsx","statementMap":{"0":{"start":{"line":3,"column":19},"end":{"line":8,"column":null}},"1":{"start":{"line":11,"column":22},"end":{"line":11,"column":null}},"2":{"start":{"line":12,"column":20},"end":{"line":18,"column":null}},"3":{"start":{"line":13,"column":4},"end":{"line":17,"column":null}},"4":{"start":{"line":14,"column":6},"end":{"line":14,"column":null}},"5":{"start":{"line":16,"column":6},"end":{"line":16,"column":null}},"6":{"start":{"line":20,"column":8},"end":{"line":26,"column":null}},"7":{"start":{"line":21,"column":4},"end":{"line":25,"column":null}},"8":{"start":{"line":22,"column":6},"end":{"line":22,"column":null}},"9":{"start":{"line":24,"column":6},"end":{"line":24,"column":null}},"10":{"start":{"line":28,"column":8},"end":{"line":31,"column":null}},"11":{"start":{"line":29,"column":4},"end":{"line":29,"column":null}},"12":{"start":{"line":30,"column":4},"end":{"line":30,"column":null}},"13":{"start":{"line":33,"column":2},"end":{"line":33,"column":null}},"14":{"start":{"line":33,"column":18},"end":{"line":33,"column":null}},"15":{"start":{"line":35,"column":2},"end":{"line":132,"column":null}},"16":{"start":{"line":69,"column":12},"end":{"line":76,"column":null}}},"fnMap":{"0":{"name":"SystemTour","decl":{"start":{"line":10,"column":24},"end":{"line":10,"column":37}},"loc":{"start":{"line":10,"column":37},"end":{"line":134,"column":null}},"line":10},"1":{"name":"(anonymous_1)","decl":{"start":{"line":12,"column":36},"end":{"line":12,"column":51}},"loc":{"start":{"line":12,"column":51},"end":{"line":18,"column":3}},"line":12},"2":{"name":"(anonymous_2)","decl":{"start":{"line":20,"column":8},"end":{"line":20,"column":27}},"loc":{"start":{"line":20,"column":27},"end":{"line":26,"column":null}},"line":20},"3":{"name":"(anonymous_3)","decl":{"start":{"line":28,"column":8},"end":{"line":28,"column":28}},"loc":{"start":{"line":28,"column":28},"end":{"line":31,"column":null}},"line":28},"4":{"name":"(anonymous_4)","decl":{"start":{"line":68,"column":22},"end":{"line":68,"column":27}},"loc":{"start":{"line":69,"column":12},"end":{"line":76,"column":null}},"line":69}},"branchMap":{"0":{"loc":{"start":{"line":21,"column":4},"end":{"line":25,"column":null}},"type":"if","locations":[{"start":{"line":21,"column":4},"end":{"line":25,"column":null}},{"start":{"line":23,"column":11},"end":{"line":25,"column":null}}],"line":21},"1":{"loc":{"start":{"line":33,"column":2},"end":{"line":33,"column":null}},"type":"if","locations":[{"start":{"line":33,"column":2},"end":{"line":33,"column":null}},{"start":{},"end":{}}],"line":33},"2":{"loc":{"start":{"line":69,"column":38},"end":{"line":69,"column":96}},"type":"cond-expr","locations":[{"start":{"line":69,"column":59},"end":{"line":69,"column":64}},{"start":{"line":69,"column":64},"end":{"line":69,"column":96}}],"line":69},"3":{"loc":{"start":{"line":73,"column":31},"end":{"line":73,"column":null}},"type":"cond-expr","locations":[{"start":{"line":73,"column":52},"end":{"line":73,"column":64}},{"start":{"line":73,"column":64},"end":{"line":73,"column":null}}],"line":73},"4":{"loc":{"start":{"line":75,"column":25},"end":{"line":75,"column":null}},"type":"cond-expr","locations":[{"start":{"line":75,"column":46},"end":{"line":75,"column":83}},{"start":{"line":75,"column":83},"end":{"line":75,"column":null}}],"line":75},"5":{"loc":{"start":{"line":128,"column":13},"end":{"line":128,"column":null}},"type":"cond-expr","locations":[{"start":{"line":128,"column":53},"end":{"line":128,"column":75}},{"start":{"line":128,"column":75},"end":{"line":128,"column":null}}],"line":128}},"s":{"0":1,"1":1,"2":1,"3":1,"4":1,"5":0,"6":1,"7":0,"8":0,"9":0,"10":1,"11":0,"12":0,"13":1,"14":0,"15":1,"16":4},"f":{"0":1,"1":1,"2":0,"3":0,"4":4},"b":{"0":[0,0],"1":[0,1],"2":[1,3],"3":[1,3],"4":[1,3],"5":[0,1]},"meta":{"lastBranch":6,"lastFunction":5,"lastStatement":17,"seen":{"s:3:19:8:Infinity":0,"f:10:24:10:37":0,"s:11:22:11:Infinity":1,"s:12:20:18:Infinity":2,"f:12:36:12:51":1,"s:13:4:17:Infinity":3,"s:14:6:14:Infinity":4,"s:16:6:16:Infinity":5,"s:20:8:26:Infinity":6,"f:20:8:20:27":2,"b:21:4:25:Infinity:23:11:25:Infinity":0,"s:21:4:25:Infinity":7,"s:22:6:22:Infinity":8,"s:24:6:24:Infinity":9,"s:28:8:31:Infinity":10,"f:28:8:28:28":3,"s:29:4:29:Infinity":11,"s:30:4:30:Infinity":12,"b:33:2:33:Infinity:undefined:undefined:undefined:undefined":1,"s:33:2:33:Infinity":13,"s:33:18:33:Infinity":14,"s:35:2:132:Infinity":15,"f:68:22:68:27":4,"s:69:12:76:Infinity":16,"b:69:59:69:64:69:64:69:96":2,"b:73:52:73:64:73:64:73:Infinity":3,"b:75:46:75:83:75:83:75:Infinity":4,"b:128:53:128:75:128:75:128:Infinity":5},"fnNames":{}}}
,"D:\\Project\\Carbon_Foot\\carbon-tracker\\src\\components\\gamification\\DailyTracker.jsx": {"path":"D:\\Project\\Carbon_Foot\\carbon-tracker\\src\\components\\gamification\\DailyTracker.jsx","statementMap":{"0":{"start":{"line":5,"column":15},"end":{"line":12,"column":null}},"1":{"start":{"line":15,"column":36},"end":{"line":15,"column":null}},"2":{"start":{"line":16,"column":26},"end":{"line":16,"column":null}},"3":{"start":{"line":17,"column":12},"end":{"line":17,"column":null}},"4":{"start":{"line":20,"column":22},"end":{"line":22,"column":null}},"5":{"start":{"line":21,"column":17},"end":{"line":21,"column":47}},"6":{"start":{"line":22,"column":24},"end":{"line":22,"column":40}},"7":{"start":{"line":24,"column":22},"end":{"line":26,"column":null}},"8":{"start":{"line":25,"column":17},"end":{"line":25,"column":47}},"9":{"start":{"line":26,"column":24},"end":{"line":26,"column":40}},"10":{"start":{"line":28,"column":8},"end":{"line":41,"column":null}},"11":{"start":{"line":29,"column":24},"end":{"line":29,"column":null}},"12":{"start":{"line":30,"column":4},"end":{"line":40,"column":null}},"13":{"start":{"line":32,"column":6},"end":{"line":32,"column":null}},"14":{"start":{"line":32,"column":33},"end":{"line":32,"column":67}},"15":{"start":{"line":32,"column":51},"end":{"line":32,"column":66}},"16":{"start":{"line":33,"column":6},"end":{"line":33,"column":null}},"17":{"start":{"line":34,"column":6},"end":{"line":34,"column":null}},"18":{"start":{"line":37,"column":6},"end":{"line":37,"column":null}},"19":{"start":{"line":37,"column":33},"end":{"line":37,"column":52}},"20":{"start":{"line":38,"column":6},"end":{"line":38,"column":null}},"21":{"start":{"line":39,"column":6},"end":{"line":39,"column":null}},"22":{"start":{"line":43,"column":2},"end":{"line":106,"column":null}},"23":{"start":{"line":67,"column":27},"end":{"line":67,"column":null}},"24":{"start":{"line":68,"column":25},"end":{"line":68,"column":null}},"25":{"start":{"line":69,"column":34},"end":{"line":72,"column":null}},"26":{"start":{"line":74,"column":12},"end":{"line":101,"column":null}},"27":{"start":{"line":78,"column":31},"end":{"line":78,"column":null}},"28":{"start":{"line":79,"column":36},"end":{"line":79,"column":126}},"29":{"start":{"line":79,"column":78},"end":{"line":79,"column":104}},"30":{"start":{"line":79,"column":104},"end":{"line":79,"column":124}}},"fnMap":{"0":{"name":"DailyTracker","decl":{"start":{"line":14,"column":24},"end":{"line":14,"column":39}},"loc":{"start":{"line":14,"column":39},"end":{"line":108,"column":null}},"line":14},"1":{"name":"(anonymous_1)","decl":{"start":{"line":21,"column":5},"end":{"line":21,"column":12}},"loc":{"start":{"line":21,"column":17},"end":{"line":21,"column":47}},"line":21},"2":{"name":"(anonymous_2)","decl":{"start":{"line":22,"column":5},"end":{"line":22,"column":13}},"loc":{"start":{"line":22,"column":24},"end":{"line":22,"column":40}},"line":22},"3":{"name":"(anonymous_3)","decl":{"start":{"line":25,"column":5},"end":{"line":25,"column":12}},"loc":{"start":{"line":25,"column":17},"end":{"line":25,"column":47}},"line":25},"4":{"name":"(anonymous_4)","decl":{"start":{"line":26,"column":5},"end":{"line":26,"column":13}},"loc":{"start":{"line":26,"column":24},"end":{"line":26,"column":40}},"line":26},"5":{"name":"(anonymous_5)","decl":{"start":{"line":28,"column":8},"end":{"line":28,"column":29}},"loc":{"start":{"line":28,"column":39},"end":{"line":41,"column":null}},"line":28},"6":{"name":"(anonymous_6)","decl":{"start":{"line":32,"column":6},"end":{"line":32,"column":25}},"loc":{"start":{"line":32,"column":33},"end":{"line":32,"column":67}},"line":32},"7":{"name":"(anonymous_7)","decl":{"start":{"line":32,"column":38},"end":{"line":32,"column":45}},"loc":{"start":{"line":32,"column":51},"end":{"line":32,"column":66}},"line":32},"8":{"name":"(anonymous_8)","decl":{"start":{"line":37,"column":6},"end":{"line":37,"column":25}},"loc":{"start":{"line":37,"column":33},"end":{"line":37,"column":52}},"line":37},"9":{"name":"(anonymous_9)","decl":{"start":{"line":66,"column":18},"end":{"line":66,"column":23}},"loc":{"start":{"line":66,"column":33},"end":{"line":103,"column":11}},"line":66},"10":{"name":"(anonymous_10)","decl":{"start":{"line":78,"column":16},"end":{"line":78,"column":31}},"loc":{"start":{"line":78,"column":31},"end":{"line":78,"column":null}},"line":78},"11":{"name":"(anonymous_11)","decl":{"start":{"line":79,"column":16},"end":{"line":79,"column":28}},"loc":{"start":{"line":79,"column":34},"end":{"line":79,"column":null}},"line":79}},"branchMap":{"0":{"loc":{"start":{"line":30,"column":4},"end":{"line":40,"column":null}},"type":"if","locations":[{"start":{"line":30,"column":4},"end":{"line":40,"column":null}},{"start":{"line":35,"column":11},"end":{"line":40,"column":null}}],"line":30},"1":{"loc":{"start":{"line":77,"column":43},"end":{"line":77,"column":null}},"type":"cond-expr","locations":[{"start":{"line":77,"column":52},"end":{"line":77,"column":63}},{"start":{"line":77,"column":63},"end":{"line":77,"column":null}}],"line":77},"2":{"loc":{"start":{"line":79,"column":36},"end":{"line":79,"column":126}},"type":"if","locations":[{"start":{"line":79,"column":36},"end":{"line":79,"column":126}},{"start":{},"end":{}}],"line":79},"3":{"loc":{"start":{"line":79,"column":40},"end":{"line":79,"column":76}},"type":"binary-expr","locations":[{"start":{"line":79,"column":40},"end":{"line":79,"column":61}},{"start":{"line":79,"column":61},"end":{"line":79,"column":76}}],"line":79},"4":{"loc":{"start":{"line":87,"column":19},"end":{"line":88,"column":null}},"type":"binary-expr","locations":[{"start":{"line":87,"column":19},"end":{"line":87,"column":29}},{"start":{"line":87,"column":29},"end":{"line":88,"column":null}}],"line":87},"5":{"loc":{"start":{"line":98,"column":21},"end":{"line":98,"column":null}},"type":"cond-expr","locations":[{"start":{"line":98,"column":30},"end":{"line":98,"column":47}},{"start":{"line":98,"column":47},"end":{"line":98,"column":null}}],"line":98}},"s":{"0":1,"1":0,"2":0,"3":0,"4":0,"5":0,"6":0,"7":0,"8":0,"9":0,"10":0,"11":0,"12":0,"13":0,"14":0,"15":0,"16":0,"17":0,"18":0,"19":0,"20":0,"21":0,"22":0,"23":0,"24":0,"25":0,"26":0,"27":0,"28":0,"29":0,"30":0},"f":{"0":0,"1":0,"2":0,"3":0,"4":0,"5":0,"6":0,"7":0,"8":0,"9":0,"10":0,"11":0},"b":{"0":[0,0],"1":[0,0],"2":[0,0],"3":[0,0],"4":[0,0],"5":[0,0]},"meta":{"lastBranch":6,"lastFunction":12,"lastStatement":31,"seen":{"s:5:15:12:Infinity":0,"f:14:24:14:39":0,"s:15:36:15:Infinity":1,"s:16:26:16:Infinity":2,"s:17:12:17:Infinity":3,"s:20:22:22:Infinity":4,"f:21:5:21:12":1,"s:21:17:21:47":5,"f:22:5:22:13":2,"s:22:24:22:40":6,"s:24:22:26:Infinity":7,"f:25:5:25:12":3,"s:25:17:25:47":8,"f:26:5:26:13":4,"s:26:24:26:40":9,"s:28:8:41:Infinity":10,"f:28:8:28:29":5,"s:29:24:29:Infinity":11,"b:30:4:40:Infinity:35:11:40:Infinity":0,"s:30:4:40:Infinity":12,"s:32:6:32:Infinity":13,"f:32:6:32:25":6,"s:32:33:32:67":14,"f:32:38:32:45":7,"s:32:51:32:66":15,"s:33:6:33:Infinity":16,"s:34:6:34:Infinity":17,"s:37:6:37:Infinity":18,"f:37:6:37:25":8,"s:37:33:37:52":19,"s:38:6:38:Infinity":20,"s:39:6:39:Infinity":21,"s:43:2:106:Infinity":22,"f:66:18:66:23":9,"s:67:27:67:Infinity":23,"s:68:25:68:Infinity":24,"s:69:34:72:Infinity":25,"s:74:12:101:Infinity":26,"b:77:52:77:63:77:63:77:Infinity":1,"f:78:16:78:31":10,"s:78:31:78:Infinity":27,"f:79:16:79:28":11,"b:79:36:79:126:undefined:undefined:undefined:undefined":2,"s:79:36:79:126":28,"b:79:40:79:61:79:61:79:76":3,"s:79:78:79:104":29,"s:79:104:79:124":30,"b:87:19:87:29:87:29:88:Infinity":4,"b:98:30:98:47:98:47:98:Infinity":5},"fnNames":{}}}
,"D:\\Project\\Carbon_Foot\\carbon-tracker\\src\\components\\ui\\RadioCard.jsx": {"path":"D:\\Project\\Carbon_Foot\\carbon-tracker\\src\\components\\ui\\RadioCard.jsx","statementMap":{"0":{"start":{"line":3,"column":13},"end":{"line":20,"column":null}},"1":{"start":{"line":4,"column":21},"end":{"line":4,"column":null}},"2":{"start":{"line":5,"column":2},"end":{"line":18,"column":null}},"3":{"start":{"line":8,"column":21},"end":{"line":8,"column":null}}},"fnMap":{"0":{"name":"(anonymous_0)","decl":{"start":{"line":3,"column":13},"end":{"line":3,"column":26}},"loc":{"start":{"line":3,"column":80},"end":{"line":20,"column":null}},"line":3},"1":{"name":"(anonymous_1)","decl":{"start":{"line":8,"column":6},"end":{"line":8,"column":21}},"loc":{"start":{"line":8,"column":21},"end":{"line":8,"column":null}},"line":8}},"branchMap":{"0":{"loc":{"start":{"line":10,"column":8},"end":{"line":12,"column":null}},"type":"cond-expr","locations":[{"start":{"line":11,"column":12},"end":{"line":11,"column":null}},{"start":{"line":12,"column":12},"end":{"line":12,"column":null}}],"line":10},"1":{"loc":{"start":{"line":14,"column":13},"end":{"line":14,"column":null}},"type":"cond-expr","locations":[{"start":{"line":14,"column":26},"end":{"line":14,"column":96}},{"start":{"line":14,"column":96},"end":{"line":14,"column":null}}],"line":14},"2":{"loc":{"start":{"line":17,"column":44},"end":{"line":17,"column":98}},"type":"cond-expr","locations":[{"start":{"line":17,"column":57},"end":{"line":17,"column":62}},{"start":{"line":17,"column":62},"end":{"line":17,"column":98}}],"line":17}},"s":{"0":1,"1":11,"2":11,"3":0},"f":{"0":11,"1":0},"b":{"0":[3,8],"1":[3,8],"2":[3,8]},"meta":{"lastBranch":3,"lastFunction":2,"lastStatement":4,"seen":{"s:3:13:20:Infinity":0,"f:3:13:3:26":0,"s:4:21:4:Infinity":1,"s:5:2:18:Infinity":2,"f:8:6:8:21":1,"s:8:21:8:Infinity":3,"b:11:12:11:Infinity:12:12:12:Infinity":0,"b:14:26:14:96:14:96:14:Infinity":1,"b:17:57:17:62:17:62:17:98":2},"fnNames":{}}}
,"D:\\Project\\Carbon_Foot\\carbon-tracker\\src\\components\\ui\\SliderInput.jsx": {"path":"D:\\Project\\Carbon_Foot\\carbon-tracker\\src\\components\\ui\\SliderInput.jsx","statementMap":{"0":{"start":{"line":3,"column":13},"end":{"line":21,"column":null}},"1":{"start":{"line":4,"column":2},"end":{"line":21,"column":null}},"2":{"start":{"line":17,"column":23},"end":{"line":17,"column":null}}},"fnMap":{"0":{"name":"(anonymous_0)","decl":{"start":{"line":3,"column":13},"end":{"line":3,"column":28}},"loc":{"start":{"line":4,"column":2},"end":{"line":21,"column":null}},"line":4},"1":{"name":"(anonymous_1)","decl":{"start":{"line":17,"column":6},"end":{"line":17,"column":17}},"loc":{"start":{"line":17,"column":23},"end":{"line":17,"column":null}},"line":17}},"branchMap":{},"s":{"0":1,"1":6,"2":0},"f":{"0":6,"1":0},"b":{},"meta":{"lastBranch":0,"lastFunction":2,"lastStatement":3,"seen":{"s:3:13:21:Infinity":0,"f:3:13:3:28":0,"s:4:2:21:Infinity":1,"f:17:6:17:17":1,"s:17:23:17:Infinity":2},"fnNames":{}}}
,"D:\\Project\\Carbon_Foot\\carbon-tracker\\src\\components\\wizard\\InsightsWizard.jsx": {"path":"D:\\Project\\Carbon_Foot\\carbon-tracker\\src\\components\\wizard\\InsightsWizard.jsx","statementMap":{"0":{"start":{"line":7,"column":18},"end":{"line":11,"column":null}},"1":{"start":{"line":14,"column":20},"end":{"line":14,"column":null}},"2":{"start":{"line":15,"column":15},"end":{"line":15,"column":null}},"3":{"start":{"line":18,"column":20},"end":{"line":18,"column":null}},"4":{"start":{"line":19,"column":15},"end":{"line":19,"column":null}},"5":{"start":{"line":20,"column":17},"end":{"line":20,"column":null}},"6":{"start":{"line":22,"column":23},"end":{"line":22,"column":null}},"7":{"start":{"line":23,"column":12},"end":{"line":23,"column":null}},"8":{"start":{"line":26,"column":29},"end":{"line":26,"column":null}},"9":{"start":{"line":27,"column":24},"end":{"line":27,"column":null}},"10":{"start":{"line":28,"column":26},"end":{"line":28,"column":null}},"11":{"start":{"line":29,"column":25},"end":{"line":29,"column":null}},"12":{"start":{"line":32,"column":23},"end":{"line":36,"column":null}},"13":{"start":{"line":37,"column":2},"end":{"line":37,"column":null}},"14":{"start":{"line":37,"column":30},"end":{"line":37,"column":47}},"15":{"start":{"line":38,"column":24},"end":{"line":38,"column":null}},"16":{"start":{"line":41,"column":23},"end":{"line":41,"column":null}},"17":{"start":{"line":42,"column":24},"end":{"line":42,"column":null}},"18":{"start":{"line":43,"column":2},"end":{"line":49,"column":null}},"19":{"start":{"line":44,"column":4},"end":{"line":44,"column":null}},"20":{"start":{"line":45,"column":4},"end":{"line":45,"column":null}},"21":{"start":{"line":46,"column":9},"end":{"line":49,"column":null}},"22":{"start":{"line":47,"column":4},"end":{"line":47,"column":null}},"23":{"start":{"line":48,"column":4},"end":{"line":48,"column":null}},"24":{"start":{"line":51,"column":8},"end":{"line":51,"column":null}},"25":{"start":{"line":51,"column":27},"end":{"line":51,"column":null}},"26":{"start":{"line":51,"column":45},"end":{"line":51,"column":66}},"27":{"start":{"line":52,"column":8},"end":{"line":52,"column":null}},"28":{"start":{"line":52,"column":27},"end":{"line":52,"column":null}},"29":{"start":{"line":52,"column":45},"end":{"line":52,"column":66}},"30":{"start":{"line":54,"column":8},"end":{"line":57,"column":null}},"31":{"start":{"line":55,"column":4},"end":{"line":55,"column":null}},"32":{"start":{"line":56,"column":4},"end":{"line":56,"column":null}},"33":{"start":{"line":59,"column":8},"end":{"line":65,"column":null}},"34":{"start":{"line":60,"column":4},"end":{"line":60,"column":null}},"35":{"start":{"line":61,"column":4},"end":{"line":61,"column":null}},"36":{"start":{"line":62,"column":4},"end":{"line":62,"column":null}},"37":{"start":{"line":63,"column":4},"end":{"line":63,"column":null}},"38":{"start":{"line":64,"column":4},"end":{"line":64,"column":null}},"39":{"start":{"line":67,"column":8},"end":{"line":206,"column":null}},"40":{"start":{"line":68,"column":4},"end":{"line":205,"column":null}},"41":{"start":{"line":70,"column":8},"end":{"line":102,"column":null}},"42":{"start":{"line":84,"column":16},"end":{"line":99,"column":null}},"43":{"start":{"line":87,"column":33},"end":{"line":87,"column":null}},"44":{"start":{"line":88,"column":38},"end":{"line":88,"column":124}},"45":{"start":{"line":88,"column":80},"end":{"line":88,"column":102}},"46":{"start":{"line":88,"column":102},"end":{"line":88,"column":122}},"47":{"start":{"line":105,"column":8},"end":{"line":137,"column":null}},"48":{"start":{"line":119,"column":16},"end":{"line":134,"column":null}},"49":{"start":{"line":122,"column":33},"end":{"line":122,"column":null}},"50":{"start":{"line":123,"column":38},"end":{"line":123,"column":119}},"51":{"start":{"line":123,"column":80},"end":{"line":123,"column":97}},"52":{"start":{"line":123,"column":97},"end":{"line":123,"column":117}},"53":{"start":{"line":140,"column":8},"end":{"line":171,"column":null}},"54":{"start":{"line":153,"column":16},"end":{"line":168,"column":null}},"55":{"start":{"line":156,"column":33},"end":{"line":156,"column":null}},"56":{"start":{"line":157,"column":38},"end":{"line":157,"column":121}},"57":{"start":{"line":157,"column":80},"end":{"line":157,"column":99}},"58":{"start":{"line":157,"column":99},"end":{"line":157,"column":119}},"59":{"start":{"line":174,"column":8},"end":{"line":201,"column":null}},"60":{"start":{"line":204,"column":8},"end":{"line":204,"column":null}},"61":{"start":{"line":208,"column":2},"end":{"line":270,"column":null}}},"fnMap":{"0":{"name":"InsightsWizard","decl":{"start":{"line":13,"column":24},"end":{"line":13,"column":41}},"loc":{"start":{"line":13,"column":41},"end":{"line":272,"column":null}},"line":13},"1":{"name":"(anonymous_1)","decl":{"start":{"line":37,"column":15},"end":{"line":37,"column":21}},"loc":{"start":{"line":37,"column":30},"end":{"line":37,"column":47}},"line":37},"2":{"name":"(anonymous_2)","decl":{"start":{"line":51,"column":8},"end":{"line":51,"column":27}},"loc":{"start":{"line":51,"column":27},"end":{"line":51,"column":null}},"line":51},"3":{"name":"(anonymous_3)","decl":{"start":{"line":51,"column":27},"end":{"line":51,"column":36}},"loc":{"start":{"line":51,"column":45},"end":{"line":51,"column":66}},"line":51},"4":{"name":"(anonymous_4)","decl":{"start":{"line":52,"column":8},"end":{"line":52,"column":27}},"loc":{"start":{"line":52,"column":27},"end":{"line":52,"column":null}},"line":52},"5":{"name":"(anonymous_5)","decl":{"start":{"line":52,"column":27},"end":{"line":52,"column":36}},"loc":{"start":{"line":52,"column":45},"end":{"line":52,"column":66}},"line":52},"6":{"name":"(anonymous_6)","decl":{"start":{"line":54,"column":8},"end":{"line":54,"column":29}},"loc":{"start":{"line":54,"column":29},"end":{"line":57,"column":null}},"line":54},"7":{"name":"(anonymous_7)","decl":{"start":{"line":59,"column":8},"end":{"line":59,"column":30}},"loc":{"start":{"line":59,"column":30},"end":{"line":65,"column":null}},"line":59},"8":{"name":"(anonymous_8)","decl":{"start":{"line":67,"column":8},"end":{"line":67,"column":27}},"loc":{"start":{"line":67,"column":27},"end":{"line":206,"column":null}},"line":67},"9":{"name":"(anonymous_9)","decl":{"start":{"line":83,"column":16},"end":{"line":83,"column":21}},"loc":{"start":{"line":84,"column":16},"end":{"line":99,"column":null}},"line":84},"10":{"name":"(anonymous_10)","decl":{"start":{"line":87,"column":18},"end":{"line":87,"column":33}},"loc":{"start":{"line":87,"column":33},"end":{"line":87,"column":null}},"line":87},"11":{"name":"(anonymous_11)","decl":{"start":{"line":88,"column":18},"end":{"line":88,"column":30}},"loc":{"start":{"line":88,"column":36},"end":{"line":88,"column":null}},"line":88},"12":{"name":"(anonymous_12)","decl":{"start":{"line":118,"column":16},"end":{"line":118,"column":21}},"loc":{"start":{"line":119,"column":16},"end":{"line":134,"column":null}},"line":119},"13":{"name":"(anonymous_13)","decl":{"start":{"line":122,"column":18},"end":{"line":122,"column":33}},"loc":{"start":{"line":122,"column":33},"end":{"line":122,"column":null}},"line":122},"14":{"name":"(anonymous_14)","decl":{"start":{"line":123,"column":18},"end":{"line":123,"column":30}},"loc":{"start":{"line":123,"column":36},"end":{"line":123,"column":null}},"line":123},"15":{"name":"(anonymous_15)","decl":{"start":{"line":152,"column":16},"end":{"line":152,"column":21}},"loc":{"start":{"line":153,"column":16},"end":{"line":168,"column":null}},"line":153},"16":{"name":"(anonymous_16)","decl":{"start":{"line":156,"column":18},"end":{"line":156,"column":33}},"loc":{"start":{"line":156,"column":33},"end":{"line":156,"column":null}},"line":156},"17":{"name":"(anonymous_17)","decl":{"start":{"line":157,"column":18},"end":{"line":157,"column":30}},"loc":{"start":{"line":157,"column":36},"end":{"line":157,"column":null}},"line":157}},"branchMap":{"0":{"loc":{"start":{"line":43,"column":2},"end":{"line":49,"column":null}},"type":"if","locations":[{"start":{"line":43,"column":2},"end":{"line":49,"column":null}},{"start":{"line":46,"column":9},"end":{"line":49,"column":null}}],"line":43},"1":{"loc":{"start":{"line":46,"column":9},"end":{"line":49,"column":null}},"type":"if","locations":[{"start":{"line":46,"column":9},"end":{"line":49,"column":null}},{"start":{},"end":{}}],"line":46},"2":{"loc":{"start":{"line":68,"column":4},"end":{"line":205,"column":null}},"type":"switch","locations":[{"start":{"line":69,"column":6},"end":{"line":102,"column":null}},{"start":{"line":104,"column":6},"end":{"line":137,"column":null}},{"start":{"line":139,"column":6},"end":{"line":171,"column":null}},{"start":{"line":173,"column":6},"end":{"line":201,"column":null}},{"start":{"line":203,"column":6},"end":{"line":204,"column":null}}],"line":68},"3":{"loc":{"start":{"line":86,"column":51},"end":{"line":86,"column":null}},"type":"cond-expr","locations":[{"start":{"line":86,"column":74},"end":{"line":86,"column":85}},{"start":{"line":86,"column":85},"end":{"line":86,"column":null}}],"line":86},"4":{"loc":{"start":{"line":88,"column":38},"end":{"line":88,"column":124}},"type":"if","locations":[{"start":{"line":88,"column":38},"end":{"line":88,"column":124}},{"start":{},"end":{}}],"line":88},"5":{"loc":{"start":{"line":88,"column":42},"end":{"line":88,"column":78}},"type":"binary-expr","locations":[{"start":{"line":88,"column":42},"end":{"line":88,"column":63}},{"start":{"line":88,"column":63},"end":{"line":88,"column":78}}],"line":88},"6":{"loc":{"start":{"line":121,"column":51},"end":{"line":121,"column":null}},"type":"cond-expr","locations":[{"start":{"line":121,"column":69},"end":{"line":121,"column":80}},{"start":{"line":121,"column":80},"end":{"line":121,"column":null}}],"line":121},"7":{"loc":{"start":{"line":123,"column":38},"end":{"line":123,"column":119}},"type":"if","locations":[{"start":{"line":123,"column":38},"end":{"line":123,"column":119}},{"start":{},"end":{}}],"line":123},"8":{"loc":{"start":{"line":123,"column":42},"end":{"line":123,"column":78}},"type":"binary-expr","locations":[{"start":{"line":123,"column":42},"end":{"line":123,"column":63}},{"start":{"line":123,"column":63},"end":{"line":123,"column":78}}],"line":123},"9":{"loc":{"start":{"line":155,"column":51},"end":{"line":155,"column":null}},"type":"cond-expr","locations":[{"start":{"line":155,"column":71},"end":{"line":155,"column":82}},{"start":{"line":155,"column":82},"end":{"line":155,"column":null}}],"line":155},"10":{"loc":{"start":{"line":157,"column":38},"end":{"line":157,"column":121}},"type":"if","locations":[{"start":{"line":157,"column":38},"end":{"line":157,"column":121}},{"start":{},"end":{}}],"line":157},"11":{"loc":{"start":{"line":157,"column":42},"end":{"line":157,"column":78}},"type":"binary-expr","locations":[{"start":{"line":157,"column":42},"end":{"line":157,"column":63}},{"start":{"line":157,"column":63},"end":{"line":157,"column":78}}],"line":157},"12":{"loc":{"start":{"line":196,"column":13},"end":{"line":199,"column":null}},"type":"binary-expr","locations":[{"start":{"line":196,"column":13},"end":{"line":196,"column":null}},{"start":{"line":197,"column":14},"end":{"line":199,"column":null}}],"line":196},"13":{"loc":{"start":{"line":230,"column":11},"end":{"line":240,"column":18}},"type":"binary-expr","locations":[{"start":{"line":230,"column":11},"end":{"line":230,"column":null}},{"start":{"line":231,"column":12},"end":{"line":240,"column":18}}],"line":230},"14":{"loc":{"start":{"line":240,"column":11},"end":{"line":268,"column":null}},"type":"cond-expr","locations":[{"start":{"line":241,"column":12},"end":{"line":250,"column":13}},{"start":{"line":250,"column":12},"end":{"line":268,"column":null}}],"line":240}},"s":{"0":1,"1":0,"2":0,"3":0,"4":0,"5":0,"6":0,"7":0,"8":0,"9":0,"10":0,"11":0,"12":0,"13":0,"14":0,"15":0,"16":0,"17":0,"18":0,"19":0,"20":0,"21":0,"22":0,"23":0,"24":0,"25":0,"26":0,"27":0,"28":0,"29":0,"30":0,"31":0,"32":0,"33":0,"34":0,"35":0,"36":0,"37":0,"38":0,"39":0,"40":0,"41":0,"42":0,"43":0,"44":0,"45":0,"46":0,"47":0,"48":0,"49":0,"50":0,"51":0,"52":0,"53":0,"54":0,"55":0,"56":0,"57":0,"58":0,"59":0,"60":0,"61":0},"f":{"0":0,"1":0,"2":0,"3":0,"4":0,"5":0,"6":0,"7":0,"8":0,"9":0,"10":0,"11":0,"12":0,"13":0,"14":0,"15":0,"16":0,"17":0},"b":{"0":[0,0],"1":[0,0],"2":[0,0,0,0,0],"3":[0,0],"4":[0,0],"5":[0,0],"6":[0,0],"7":[0,0],"8":[0,0],"9":[0,0],"10":[0,0],"11":[0,0],"12":[0,0],"13":[0,0],"14":[0,0]},"meta":{"lastBranch":15,"lastFunction":18,"lastStatement":62,"seen":{"s:7:18:11:Infinity":0,"f:13:24:13:41":0,"s:14:20:14:Infinity":1,"s:15:15:15:Infinity":2,"s:18:20:18:Infinity":3,"s:19:15:19:Infinity":4,"s:20:17:20:Infinity":5,"s:22:23:22:Infinity":6,"s:23:12:23:Infinity":7,"s:26:29:26:Infinity":8,"s:27:24:27:Infinity":9,"s:28:26:28:Infinity":10,"s:29:25:29:Infinity":11,"s:32:23:36:Infinity":12,"s:37:2:37:Infinity":13,"f:37:15:37:21":1,"s:37:30:37:47":14,"s:38:24:38:Infinity":15,"s:41:23:41:Infinity":16,"s:42:24:42:Infinity":17,"b:43:2:49:Infinity:46:9:49:Infinity":0,"s:43:2:49:Infinity":18,"s:44:4:44:Infinity":19,"s:45:4:45:Infinity":20,"b:46:9:49:Infinity:undefined:undefined:undefined:undefined":1,"s:46:9:49:Infinity":21,"s:47:4:47:Infinity":22,"s:48:4:48:Infinity":23,"s:51:8:51:Infinity":24,"f:51:8:51:27":2,"s:51:27:51:Infinity":25,"f:51:27:51:36":3,"s:51:45:51:66":26,"s:52:8:52:Infinity":27,"f:52:8:52:27":4,"s:52:27:52:Infinity":28,"f:52:27:52:36":5,"s:52:45:52:66":29,"s:54:8:57:Infinity":30,"f:54:8:54:29":6,"s:55:4:55:Infinity":31,"s:56:4:56:Infinity":32,"s:59:8:65:Infinity":33,"f:59:8:59:30":7,"s:60:4:60:Infinity":34,"s:61:4:61:Infinity":35,"s:62:4:62:Infinity":36,"s:63:4:63:Infinity":37,"s:64:4:64:Infinity":38,"s:67:8:206:Infinity":39,"f:67:8:67:27":8,"b:69:6:102:Infinity:104:6:137:Infinity:139:6:171:Infinity:173:6:201:Infinity:203:6:204:Infinity":2,"s:68:4:205:Infinity":40,"s:70:8:102:Infinity":41,"f:83:16:83:21":9,"s:84:16:99:Infinity":42,"b:86:74:86:85:86:85:86:Infinity":3,"f:87:18:87:33":10,"s:87:33:87:Infinity":43,"f:88:18:88:30":11,"b:88:38:88:124:undefined:undefined:undefined:undefined":4,"s:88:38:88:124":44,"b:88:42:88:63:88:63:88:78":5,"s:88:80:88:102":45,"s:88:102:88:122":46,"s:105:8:137:Infinity":47,"f:118:16:118:21":12,"s:119:16:134:Infinity":48,"b:121:69:121:80:121:80:121:Infinity":6,"f:122:18:122:33":13,"s:122:33:122:Infinity":49,"f:123:18:123:30":14,"b:123:38:123:119:undefined:undefined:undefined:undefined":7,"s:123:38:123:119":50,"b:123:42:123:63:123:63:123:78":8,"s:123:80:123:97":51,"s:123:97:123:117":52,"s:140:8:171:Infinity":53,"f:152:16:152:21":15,"s:153:16:168:Infinity":54,"b:155:71:155:82:155:82:155:Infinity":9,"f:156:18:156:33":16,"s:156:33:156:Infinity":55,"f:157:18:157:30":17,"b:157:38:157:121:undefined:undefined:undefined:undefined":10,"s:157:38:157:121":56,"b:157:42:157:63:157:63:157:78":11,"s:157:80:157:99":57,"s:157:99:157:119":58,"s:174:8:201:Infinity":59,"b:196:13:196:Infinity:197:14:199:Infinity":12,"s:204:8:204:Infinity":60,"s:208:2:270:Infinity":61,"b:230:11:230:Infinity:231:12:240:18":13,"b:241:12:250:13:250:12:268:Infinity":14},"fnNames":{}}}
,"D:\\Project\\Carbon_Foot\\carbon-tracker\\src\\locales\\translations.js": {"path":"D:\\Project\\Carbon_Foot\\carbon-tracker\\src\\locales\\translations.js","statementMap":{"0":{"start":{"line":1,"column":28},"end":{"line":162,"column":null}}},"fnMap":{},"branchMap":{},"s":{"0":1},"f":{},"b":{},"meta":{"lastBranch":0,"lastFunction":0,"lastStatement":1,"seen":{"s:1:28:162:Infinity":0},"fnNames":{}}}
,"D:\\Project\\Carbon_Foot\\carbon-tracker\\src\\store\\useStore.js": {"path":"D:\\Project\\Carbon_Foot\\carbon-tracker\\src\\store\\useStore.js","statementMap":{"0":{"start":{"line":4,"column":0},"end":{"line":7,"column":null}},"1":{"start":{"line":5,"column":2},"end":{"line":5,"column":null}},"2":{"start":{"line":6,"column":2},"end":{"line":6,"column":null}},"3":{"start":{"line":9,"column":13},"end":{"line":37,"column":null}},"4":{"start":{"line":9,"column":41},"end":{"line":37,"column":2}},"5":{"start":{"line":14,"column":24},"end":{"line":14,"column":null}},"6":{"start":{"line":14,"column":40},"end":{"line":14,"column":92}},"7":{"start":{"line":15,"column":29},"end":{"line":15,"column":null}},"8":{"start":{"line":16,"column":30},"end":{"line":16,"column":null}},"9":{"start":{"line":16,"column":46},"end":{"line":16,"column":90}},"10":{"start":{"line":17,"column":31},"end":{"line":17,"column":null}},"11":{"start":{"line":18,"column":31},"end":{"line":18,"column":null}},"12":{"start":{"line":18,"column":47},"end":{"line":18,"column":106}},"13":{"start":{"line":19,"column":21},"end":{"line":36,"column":null}},"14":{"start":{"line":20,"column":22},"end":{"line":20,"column":null}},"15":{"start":{"line":21,"column":4},"end":{"line":34,"column":null}},"16":{"start":{"line":22,"column":19},"end":{"line":22,"column":null}},"17":{"start":{"line":23,"column":6},"end":{"line":33,"column":null}},"18":{"start":{"line":24,"column":8},"end":{"line":24,"column":null}},"19":{"start":{"line":25,"column":8},"end":{"line":25,"column":null}},"20":{"start":{"line":26,"column":8},"end":{"line":26,"column":null}},"21":{"start":{"line":27,"column":8},"end":{"line":27,"column":null}},"22":{"start":{"line":29,"column":8},"end":{"line":29,"column":null}},"23":{"start":{"line":30,"column":8},"end":{"line":30,"column":null}},"24":{"start":{"line":31,"column":8},"end":{"line":31,"column":null}},"25":{"start":{"line":32,"column":8},"end":{"line":32,"column":null}},"26":{"start":{"line":35,"column":4},"end":{"line":35,"column":null}}},"fnMap":{"0":{"name":"(anonymous_0)","decl":{"start":{"line":9,"column":24},"end":{"line":9,"column":32}},"loc":{"start":{"line":9,"column":41},"end":{"line":37,"column":2}},"line":9},"1":{"name":"(anonymous_1)","decl":{"start":{"line":14,"column":2},"end":{"line":14,"column":24}},"loc":{"start":{"line":14,"column":24},"end":{"line":14,"column":null}},"line":14},"2":{"name":"(anonymous_2)","decl":{"start":{"line":14,"column":24},"end":{"line":14,"column":29}},"loc":{"start":{"line":14,"column":40},"end":{"line":14,"column":92}},"line":14},"3":{"name":"(anonymous_3)","decl":{"start":{"line":15,"column":2},"end":{"line":15,"column":19}},"loc":{"start":{"line":15,"column":29},"end":{"line":15,"column":null}},"line":15},"4":{"name":"(anonymous_4)","decl":{"start":{"line":16,"column":2},"end":{"line":16,"column":19}},"loc":{"start":{"line":16,"column":30},"end":{"line":16,"column":null}},"line":16},"5":{"name":"(anonymous_5)","decl":{"start":{"line":16,"column":30},"end":{"line":16,"column":35}},"loc":{"start":{"line":16,"column":46},"end":{"line":16,"column":90}},"line":16},"6":{"name":"(anonymous_6)","decl":{"start":{"line":17,"column":2},"end":{"line":17,"column":20}},"loc":{"start":{"line":17,"column":31},"end":{"line":17,"column":null}},"line":17},"7":{"name":"(anonymous_7)","decl":{"start":{"line":18,"column":2},"end":{"line":18,"column":20}},"loc":{"start":{"line":18,"column":31},"end":{"line":18,"column":null}},"line":18},"8":{"name":"(anonymous_8)","decl":{"start":{"line":18,"column":31},"end":{"line":18,"column":36}},"loc":{"start":{"line":18,"column":47},"end":{"line":18,"column":106}},"line":18},"9":{"name":"(anonymous_9)","decl":{"start":{"line":19,"column":2},"end":{"line":19,"column":21}},"loc":{"start":{"line":19,"column":21},"end":{"line":36,"column":null}},"line":19},"10":{"name":"(anonymous_10)","decl":{"start":{"line":19,"column":21},"end":{"line":19,"column":26}},"loc":{"start":{"line":19,"column":36},"end":{"line":36,"column":3}},"line":19}},"branchMap":{"0":{"loc":{"start":{"line":4,"column":0},"end":{"line":7,"column":null}},"type":"if","locations":[{"start":{"line":4,"column":0},"end":{"line":7,"column":null}},{"start":{},"end":{}}],"line":4},"1":{"loc":{"start":{"line":14,"column":52},"end":{"line":14,"column":90}},"type":"cond-expr","locations":[{"start":{"line":14,"column":78},"end":{"line":14,"column":85}},{"start":{"line":14,"column":85},"end":{"line":14,"column":90}}],"line":14},"2":{"loc":{"start":{"line":20,"column":22},"end":{"line":20,"column":null}},"type":"cond-expr","locations":[{"start":{"line":20,"column":47},"end":{"line":20,"column":57}},{"start":{"line":20,"column":57},"end":{"line":20,"column":null}}],"line":20},"3":{"loc":{"start":{"line":21,"column":4},"end":{"line":34,"column":null}},"type":"if","locations":[{"start":{"line":21,"column":4},"end":{"line":34,"column":null}},{"start":{},"end":{}}],"line":21},"4":{"loc":{"start":{"line":23,"column":6},"end":{"line":33,"column":null}},"type":"if","locations":[{"start":{"line":23,"column":6},"end":{"line":33,"column":null}},{"start":{"line":28,"column":13},"end":{"line":33,"column":null}}],"line":23}},"s":{"0":2,"1":2,"2":2,"3":2,"4":2,"5":1,"6":1,"7":1,"8":1,"9":1,"10":1,"11":2,"12":2,"13":2,"14":2,"15":2,"16":2,"17":2,"18":1,"19":1,"20":1,"21":1,"22":1,"23":1,"24":1,"25":1,"26":2},"f":{"0":2,"1":1,"2":1,"3":1,"4":1,"5":1,"6":1,"7":2,"8":2,"9":2,"10":2},"b":{"0":[2,0],"1":[1,0],"2":[1,1],"3":[2,0],"4":[1,1]},"meta":{"lastBranch":5,"lastFunction":11,"lastStatement":27,"seen":{"b:4:0:7:Infinity:undefined:undefined:undefined:undefined":0,"s:4:0:7:Infinity":0,"s:5:2:5:Infinity":1,"s:6:2:6:Infinity":2,"s:9:13:37:Infinity":3,"f:9:24:9:32":0,"s:9:41:37:2":4,"f:14:2:14:24":1,"s:14:24:14:Infinity":5,"f:14:24:14:29":2,"s:14:40:14:92":6,"b:14:78:14:85:14:85:14:90":1,"f:15:2:15:19":3,"s:15:29:15:Infinity":7,"f:16:2:16:19":4,"s:16:30:16:Infinity":8,"f:16:30:16:35":5,"s:16:46:16:90":9,"f:17:2:17:20":6,"s:17:31:17:Infinity":10,"f:18:2:18:20":7,"s:18:31:18:Infinity":11,"f:18:31:18:36":8,"s:18:47:18:106":12,"f:19:2:19:21":9,"s:19:21:36:Infinity":13,"f:19:21:19:26":10,"s:20:22:20:Infinity":14,"b:20:47:20:57:20:57:20:Infinity":2,"b:21:4:34:Infinity:undefined:undefined:undefined:undefined":3,"s:21:4:34:Infinity":15,"s:22:19:22:Infinity":16,"b:23:6:33:Infinity:28:13:33:Infinity":4,"s:23:6:33:Infinity":17,"s:24:8:24:Infinity":18,"s:25:8:25:Infinity":19,"s:26:8:26:Infinity":20,"s:27:8:27:Infinity":21,"s:29:8:29:Infinity":22,"s:30:8:30:Infinity":23,"s:31:8:31:Infinity":24,"s:32:8:32:Infinity":25,"s:35:4:35:Infinity":26},"fnNames":{}}}
,"D:\\Project\\Carbon_Foot\\carbon-tracker\\src\\utils\\carbonCalculations.js": {"path":"D:\\Project\\Carbon_Foot\\carbon-tracker\\src\\utils\\carbonCalculations.js","statementMap":{"0":{"start":{"line":6,"column":28},"end":{"line":10,"column":null}},"1":{"start":{"line":12,"column":28},"end":{"line":16,"column":null}},"2":{"start":{"line":18,"column":30},"end":{"line":18,"column":null}},"3":{"start":{"line":19,"column":28},"end":{"line":19,"column":null}},"4":{"start":{"line":20,"column":27},"end":{"line":20,"column":null}},"5":{"start":{"line":21,"column":28},"end":{"line":21,"column":null}},"6":{"start":{"line":23,"column":27},"end":{"line":28,"column":null}},"7":{"start":{"line":30,"column":28},"end":{"line":30,"column":null}},"8":{"start":{"line":31,"column":25},"end":{"line":31,"column":null}},"9":{"start":{"line":32,"column":26},"end":{"line":32,"column":null}},"10":{"start":{"line":33,"column":22},"end":{"line":33,"column":null}},"11":{"start":{"line":34,"column":26},"end":{"line":34,"column":null}},"12":{"start":{"line":40,"column":20},"end":{"line":45,"column":null}},"13":{"start":{"line":47,"column":17},"end":{"line":47,"column":null}},"14":{"start":{"line":48,"column":15},"end":{"line":48,"column":null}},"15":{"start":{"line":49,"column":16},"end":{"line":49,"column":null}},"16":{"start":{"line":51,"column":2},"end":{"line":51,"column":null}},"17":{"start":{"line":58,"column":15},"end":{"line":58,"column":null}},"18":{"start":{"line":60,"column":2},"end":{"line":66,"column":null}},"19":{"start":{"line":61,"column":4},"end":{"line":65,"column":null}},"20":{"start":{"line":67,"column":2},"end":{"line":73,"column":null}},"21":{"start":{"line":68,"column":4},"end":{"line":72,"column":null}},"22":{"start":{"line":74,"column":2},"end":{"line":80,"column":null}},"23":{"start":{"line":75,"column":4},"end":{"line":79,"column":null}},"24":{"start":{"line":81,"column":2},"end":{"line":87,"column":null}},"25":{"start":{"line":82,"column":4},"end":{"line":86,"column":null}},"26":{"start":{"line":90,"column":2},"end":{"line":96,"column":null}},"27":{"start":{"line":91,"column":4},"end":{"line":95,"column":null}},"28":{"start":{"line":98,"column":2},"end":{"line":98,"column":null}}},"fnMap":{"0":{"name":"calculateEmissions","decl":{"start":{"line":39,"column":16},"end":{"line":39,"column":35}},"loc":{"start":{"line":39,"column":129},"end":{"line":52,"column":null}},"line":39},"1":{"name":"buildRecs","decl":{"start":{"line":57,"column":16},"end":{"line":57,"column":26}},"loc":{"start":{"line":57,"column":58},"end":{"line":99,"column":null}},"line":57}},"branchMap":{"0":{"loc":{"start":{"line":60,"column":2},"end":{"line":66,"column":null}},"type":"if","locations":[{"start":{"line":60,"column":2},"end":{"line":66,"column":null}},{"start":{},"end":{}}],"line":60},"1":{"loc":{"start":{"line":67,"column":2},"end":{"line":73,"column":null}},"type":"if","locations":[{"start":{"line":67,"column":2},"end":{"line":73,"column":null}},{"start":{},"end":{}}],"line":67},"2":{"loc":{"start":{"line":74,"column":2},"end":{"line":80,"column":null}},"type":"if","locations":[{"start":{"line":74,"column":2},"end":{"line":80,"column":null}},{"start":{},"end":{}}],"line":74},"3":{"loc":{"start":{"line":81,"column":2},"end":{"line":87,"column":null}},"type":"if","locations":[{"start":{"line":81,"column":2},"end":{"line":87,"column":null}},{"start":{},"end":{}}],"line":81},"4":{"loc":{"start":{"line":90,"column":2},"end":{"line":96,"column":null}},"type":"if","locations":[{"start":{"line":90,"column":2},"end":{"line":96,"column":null}},{"start":{},"end":{}}],"line":90}},"s":{"0":2,"1":2,"2":2,"3":2,"4":2,"5":2,"6":2,"7":2,"8":2,"9":2,"10":2,"11":2,"12":3,"13":3,"14":3,"15":3,"16":3,"17":3,"18":3,"19":2,"20":3,"21":1,"22":3,"23":2,"24":3,"25":1,"26":3,"27":1,"28":3},"f":{"0":3,"1":3},"b":{"0":[2,1],"1":[1,2],"2":[2,1],"3":[1,2],"4":[1,2]},"meta":{"lastBranch":5,"lastFunction":2,"lastStatement":29,"seen":{"s:6:28:10:Infinity":0,"s:12:28:16:Infinity":1,"s:18:30:18:Infinity":2,"s:19:28:19:Infinity":3,"s:20:27:20:Infinity":4,"s:21:28:21:Infinity":5,"s:23:27:28:Infinity":6,"s:30:28:30:Infinity":7,"s:31:25:31:Infinity":8,"s:32:26:32:Infinity":9,"s:33:22:33:Infinity":10,"s:34:26:34:Infinity":11,"f:39:16:39:35":0,"s:40:20:45:Infinity":12,"s:47:17:47:Infinity":13,"s:48:15:48:Infinity":14,"s:49:16:49:Infinity":15,"s:51:2:51:Infinity":16,"f:57:16:57:26":1,"s:58:15:58:Infinity":17,"b:60:2:66:Infinity:undefined:undefined:undefined:undefined":0,"s:60:2:66:Infinity":18,"s:61:4:65:Infinity":19,"b:67:2:73:Infinity:undefined:undefined:undefined:undefined":1,"s:67:2:73:Infinity":20,"s:68:4:72:Infinity":21,"b:74:2:80:Infinity:undefined:undefined:undefined:undefined":2,"s:74:2:80:Infinity":22,"s:75:4:79:Infinity":23,"b:81:2:87:Infinity:undefined:undefined:undefined:undefined":3,"s:81:2:87:Infinity":24,"s:82:4:86:Infinity":25,"b:90:2:96:Infinity:undefined:undefined:undefined:undefined":4,"s:90:2:96:Infinity":26,"s:91:4:95:Infinity":27,"s:98:2:98:Infinity":28},"fnNames":{}}}
}
